Request URL http://d.z7n.ru/wp-content/themes/z7_stop/PalatinoLinotype-Roman.woff,
Request URL http://d.z7n.ru/wp-content/themes/z7_stop/PalatinoLinotype-Roman.ttf,
Request URL http://d.z7n.ru/wp-content/themes/z7_stop/PalatinoLinotype-Roman.woff,
Request URL http://d.z7n.ru/wp-content/themes/z7_stop/PalatinoLinotype-Roman.woff,
Request URL http://d.z7n.ru/wp-content/themes/z7_stop/PalatinoLinotype-Roman.woff,
Request URL http://d.z7n.ru/wp-content/themes/z7_stop/PalatinoLinotype-Roman.woff,
Request URL http://d.z7n.ru/wp-content/themes/z7_stop/PalatinoLinotype-Roman.ttf,
Request URL http://d.z7n.ru/wp-content/themes/z7_stop/PalatinoLinotype-Roman.woff,
Request URL http://d.z7n.ru/wp-content/themes/z7_stop/PalatinoLinotype-Roman.ttf,
Request URL http://d.z7n.ru/wp-content/themes/z7_stop/PalatinoLinotype-Roman.woff,
Request URL http://d.z7n.ru/wp-content/themes/z7_stop/PalatinoLinotype-Roman.woff,
Request URL http://d.z7n.ru/wp-content/themes/z7_stop/PalatinoLinotype-Roman.woff,
Request URL http://d.z7n.ru/wp-content/themes/z7_stop/PalatinoLinotype-Roman.woff,
Request URL http://d.z7n.ru/wp-content/themes/z7_stop/PalatinoLinotype-Roman.woff,
Request URL http://d.z7n.ru/wp-content/themes/z7_stop/PalatinoLinotype-Roman.woff,
Request URL http://d.z7n.ru/wp-content/themes/z7_stop/PalatinoLinotype-Roman.woff,
Request URL http://d.z7n.ru/wp-content/themes/z7_stop/PalatinoLinotype-Roman.woff,
Request URL http://d.z7n.ru/wp-content/themes/z7_stop/PalatinoLinotype-Roman.woff,
Request URL http://d.z7n.ru/wp-content/themes/z7_stop/PalatinoLinotype-Roman.ttf,
Request URL http://d.z7n.ru/wp-content/themes/z7_stop/PalatinoLinotype-Roman.woff,
Request URL http://d.z7n.ru/wp-content/themes/z7_stop/PalatinoLinotype-Roman.woff,
Request URL http://d.z7n.ru/wp-content/themes/z7_stop/PalatinoLinotype-Roman.woff,
Request URL http://d.z7n.ru/wp-content/themes/z7_stop/PalatinoLinotype-Roman.woff,
Request URL http://d.z7n.ru/wp-content/themes/z7_stop/PalatinoLinotype-Roman.woff,
Request URL http://d.z7n.ru/wp-content/themes/z7_stop/PalatinoLinotype-Roman.woff,
Request URL http://d.z7n.ru/wp-content/themes/z7_stop/PalatinoLinotype-Roman.woff,
Request URL http://d.z7n.ru/wp-content/themes/z7_stop/PalatinoLinotype-Roman.woff,
Request URL http://d.z7n.ru/wp-content/themes/z7_stop/PalatinoLinotype-Roman.woff,
Request URL http://d.z7n.ru/wp-content/themes/z7_stop/PalatinoLinotype-Roman.woff,
Request URL http://d.z7n.ru/wp-content/themes/z7_stop/PalatinoLinotype-Roman.woff,
Request URL http://d.z7n.ru/wp-content/themes/z7_stop/PalatinoLinotype-Roman.woff,
Request URL http://d.z7n.ru/wp-content/themes/z7_stop/PalatinoLinotype-Roman.woff,
Request URL http://d.z7n.ru/wp-content/themes/z7_stop/PalatinoLinotype-Roman.ttf,
Request URL http://d.z7n.ru/wp-content/themes/z7_stop/PalatinoLinotype-Roman.ttf,
Request URL http://d.z7n.ru/wp-content/themes/z7_stop/PalatinoLinotype-Roman.ttf,
Request URL http://d.z7n.ru/wp-content/themes/z7_stop/PalatinoLinotype-Roman.ttf,
Request URL http://d.z7n.ru/wp-content/themes/z7_stop/PalatinoLinotype-Roman.ttf,
Request URL http://d.z7n.ru/wp-content/themes/z7_stop/PalatinoLinotype-Roman.ttf,
Request URL http://d.z7n.ru/wp-content/themes/z7_stop/PalatinoLinotype-Roman.woff,
Request URL http://d.z7n.ru/wp-content/themes/z7_stop/PalatinoLinotype-Roman.woff,
Request URL http://d.z7n.ru/wp-content/themes/z7_stop/PalatinoLinotype-Roman.woff,
Request URL http://d.z7n.ru/wp-content/themes/z7_stop/PalatinoLinotype-Roman.woff,
Request URL http://d.z7n.ru/wp-content/themes/z7_stop/PalatinoLinotype-Roman.woff,
Request URL http://d.z7n.ru/wp-content/themes/z7_stop/PalatinoLinotype-Roman.ttf,
Request URL http://d.z7n.ru/wp-content/themes/z7_stop/PalatinoLinotype-Roman.woff,
Request URL http://d.z7n.ru/wp-content/themes/z7_stop/PalatinoLinotype-Roman.ttf,
Request URL http://d.z7n.ru/wp-content/themes/z7_stop/PalatinoLinotype-Roman.ttf,
Request URL http://d.z7n.ru/wp-content/themes/z7_stop/PalatinoLinotype-Roman.ttf,
Request URL http://d.z7n.ru/wp-content/themes/z7_stop/PalatinoLinotype-Roman.ttf,
Request URL http://d.z7n.ru/wp-content/themes/z7_stop/PalatinoLinotype-Roman.ttf,
Request URL http://d.z7n.ru/wp-content/themes/z7_stop/PalatinoLinotype-Roman.ttf,
Request URL http://d.z7n.ru/wp-content/themes/z7_stop/PalatinoLinotype-Roman.ttf,
Request URL http://d.z7n.ru/wp-content/themes/z7_stop/PalatinoLinotype-Roman.ttf,
Request URL http://d.z7n.ru/wp-content/themes/z7_stop/PalatinoLinotype-Roman.ttf,
Request URL http://d.z7n.ru/wp-content/themes/z7_stop/PalatinoLinotype-Roman.ttf,
Request URL http://d.z7n.ru/wp-content/themes/z7_stop/PalatinoLinotype-Roman.ttf,
Request URL http://d.z7n.ru/wp-content/themes/z7_stop/PalatinoLinotype-Roman.ttf,
Request URL http://d.z7n.ru/wp-content/themes/z7_stop/PalatinoLinotype-Roman.ttf,
Request URL http://d.z7n.ru/wp-content/themes/z7_stop/PalatinoLinotype-Roman.ttf,
Request URL http://d.z7n.ru/wp-content/themes/z7_stop/PalatinoLinotype-Roman.woff,
Request URL http://d.z7n.ru/wp-content/themes/z7_stop/PalatinoLinotype-Roman.ttf,
Request URL http://d.z7n.ru/wp-content/themes/z7_stop/PalatinoLinotype-Roman.ttf,
Request URL http://d.z7n.ru/wp-content/themes/z7_stop/PalatinoLinotype-Roman.ttf,
Request URL http://d.z7n.ru/wp-content/themes/z7_stop/menu-close2.svg,
Request URL http://d.z7n.ru/wp-content/themes/z7_stop/PalatinoLinotype-Roman.woff,
Request URL http://d.z7n.ru/wp-content/themes/z7_stop/pt_serif-web-regular-webfont.woff,
Request URL http://d.z7n.ru/wp-content/themes/z7_stop/pt_serif-web-regular-webfont.ttf,
Request URL http://d.z7n.ru/wp-content/themes/z7_stop/PalatinoLinotype-Roman.ttf,
Request URL http://d.z7n.ru/wp-content/themes/z7_stop/menu-close2.svg,
Request URL http://d.z7n.ru/wp-content/themes/z7_stop/PalatinoLinotype-Roman.woff,
Request URL http://d.z7n.ru/wp-content/themes/z7_stop/pt_serif-web-regular-webfont.woff,
Request URL http://d.z7n.ru/wp-content/themes/z7_stop/PalatinoLinotype-Roman.ttf,
Request URL http://d.z7n.ru/wp-content/themes/z7_stop/pt_serif-web-regular-webfont.ttf,
Request URL http://d.z7n.ru/wp-content/themes/z7_stop/PalatinoLinotype-Roman.woff,
Request URL http://d.z7n.ru/wp-content/themes/z7_stop/menu-close2.svg,
Request URL http://d.z7n.ru/wp-content/themes/z7_stop/pt_serif-web-regular-webfont.woff,
Request URL http://d.z7n.ru/wp-content/themes/z7_stop/PalatinoLinotype-Roman.ttf,
Request URL http://d.z7n.ru/wp-content/themes/z7_stop/pt_serif-web-regular-webfont.ttf,
Request URL http://d.z7n.ru/wp-content/themes/z7_stop/menu-close2.svg,
Request URL http://d.z7n.ru/wp-content/themes/z7_stop/PalatinoLinotype-Roman.woff,
Request URL http://d.z7n.ru/wp-content/themes/z7_stop/pt_serif-web-regular-webfont.woff,
Request URL http://d.z7n.ru/wp-content/themes/z7_stop/PalatinoLinotype-Roman.ttf,
Request URL http://d.z7n.ru/wp-content/themes/z7_stop/pt_serif-web-regular-webfont.ttf,
Request URL http://d.z7n.ru/wp-content/themes/z7_stop/PalatinoLinotype-Roman.woff,
Request URL http://d.z7n.ru/wp-content/themes/z7_stop/menu-close2.svg,
Request URL http://d.z7n.ru/wp-content/themes/z7_stop/pt_serif-web-regular-webfont.woff,
Request URL http://d.z7n.ru/wp-content/themes/z7_stop/PalatinoLinotype-Roman.ttf,
Request URL http://d.z7n.ru/wp-content/themes/z7_stop/pt_serif-web-regular-webfont.ttf,
Request URL http://d.z7n.ru/wp-content/themes/z7_stop/PalatinoLinotype-Roman.woff,
Request URL http://d.z7n.ru/wp-content/themes/z7_stop/menu-close2.svg,
Request URL http://d.z7n.ru/wp-content/themes/z7_stop/pt_serif-web-regular-webfont.woff,
Request URL http://d.z7n.ru/wp-content/themes/z7_stop/PalatinoLinotype-Roman.ttf,
Request URL http://d.z7n.ru/wp-content/themes/z7_stop/pt_serif-web-regular-webfont.ttf,
Request URL http://d.z7n.ru/wp-content/themes/z7_stop/res/onicon.site.min.js.map,
Request URL http://d.z7n.ru/wp-content/themes/z7_stop/res/onicon.site.min.css.map,
Request URL http://d.z7n.ru/wp-content/themes/z7_stop/res/bootstrap.min.js.map,
Request URL http://d.z7n.ru/wp-content/themes/z7_stop/menu-close2.svg,
Request URL http://d.z7n.ru/wp-content/themes/z7_stop/pt_serif-web-regular-webfont.woff,
Request URL http://d.z7n.ru/wp-content/themes/z7_stop/PalatinoLinotype-Roman.woff,
Request URL http://d.z7n.ru/wp-content/themes/z7_stop/pt_serif-web-regular-webfont.ttf,
Request URL http://d.z7n.ru/wp-content/themes/z7_stop/PalatinoLinotype-Roman.ttf,
Request URL http://d.z7n.ru/wp-content/themes/z7_stop/PalatinoLinotype-Roman.woff,
Request URL http://d.z7n.ru/wp-content/themes/z7_stop/res/bootstrap.min.js.map,
Request URL http://d.z7n.ru/wp-content/themes/z7_stop/img/cont-bg2.jpg,
